<?xml version="1.0" encoding="UTF-8"?>
<!-- Generated by org.testng.reporters.JUnitReportReporter -->
<testsuite hostname="HCL-PC" failures="0" tests="1" name="com.abc.selenium.Script5" time="102.749" errors="0" timestamp="03 Apr 2019 18:24:49 GMT" skipped="0">
  <testcase classname="com.abc.selenium.Script5" name="validLogin" time="102.749"/>
</testsuite> <!-- com.abc.selenium.Script5 -->
