<?xml version="1.0" encoding="UTF-8"?>
<!-- Generated by org.testng.reporters.JUnitReportReporter -->
<testsuite hostname="HCL-PC" failures="0" tests="4" name="com.abc.selenium.Script2" time="0.023" errors="0" timestamp="02 Apr 2019 17:56:46 GMT" skipped="0">
  <testcase classname="com.abc.selenium.Script2" name="z_method" time="0.001"/>
  <testcase classname="com.abc.selenium.Script2" name="a_method" time="0.017"/>
  <testcase classname="com.abc.selenium.Script2" name="d_method" time="0.003"/>
  <testcase classname="com.abc.selenium.Script2" name="b_method" time="0.002"/>
</testsuite> <!-- com.abc.selenium.Script2 -->
