<?xml version="1.0" encoding="UTF-8"?>
<!-- Generated by org.testng.reporters.JUnitReportReporter -->
<testsuite hostname="HCL-PC" failures="0" tests="2" name="com.abc.selenium.Script3" time="0.029" errors="0" timestamp="03 Apr 2019 09:07:24 GMT" skipped="0">
  <testcase classname="com.abc.selenium.Script3" name="testCase3" time="0.005"/>
  <testcase classname="com.abc.selenium.Script3" name="testCase2" time="0.024"/>
</testsuite> <!-- com.abc.selenium.Script3 -->
