<?xml version="1.0" encoding="UTF-8"?>
<!-- Generated by org.testng.reporters.JUnitReportReporter -->
<testsuite hostname="HCL-PC" failures="0" tests="2" name="com.abc.selenium.Sript1" time="0.016" errors="0" timestamp="02 Apr 2019 17:49:36 GMT" skipped="0">
  <testcase classname="com.abc.selenium.Sript1" name="test2" time="0.004"/>
  <testcase classname="com.abc.selenium.Sript1" name="test1" time="0.012"/>
</testsuite> <!-- com.abc.selenium.Sript1 -->
