<?xml version="1.0" encoding="UTF-8"?>
<!-- Generated by org.testng.reporters.JUnitReportReporter -->
<testsuite hostname="HCL-PC" failures="0" tests="2" name="com.abc.selenium.Script4" time="0.017" errors="0" timestamp="03 Apr 2019 10:01:34 GMT" skipped="0">
  <testcase classname="com.abc.selenium.Script4" name="test2" time="0.006"/>
  <testcase classname="com.abc.selenium.Script4" name="test1" time="0.011"/>
</testsuite> <!-- com.abc.selenium.Script4 -->
